2024.01.03 11:19:40 INFO  Started: Metals version 0.11.12 in workspace 'D:\Cours L3\PW\ProjetWeb' for client Visual Studio Code 1.84.2.
janv. 03, 2024 11:19:40 AM org.flywaydb.core.internal.license.VersionPrinter printVersionOnly
INFO: Flyway Community Edition 9.16.3 by Redgate
janv. 03, 2024 11:19:40 AM org.flywaydb.core.internal.license.VersionPrinter printVersion
INFO: See release notes here: https://rd.gt/416ObMi
janv. 03, 2024 11:19:40 AM org.flywaydb.core.internal.license.VersionPrinter printVersion
INFO: 
janv. 03, 2024 11:19:41 AM org.flywaydb.core.internal.database.base.BaseDatabaseType createDatabase
INFO: Database: jdbc:h2:file:D:\Cours L3\PW\ProjetWeb\.metals\metals (H2 2.1)
janv. 03, 2024 11:19:41 AM org.flywaydb.core.internal.schemahistory.JdbcTableSchemaHistory allAppliedMigrations
INFO: Schema history table "PUBLIC"."flyway_schema_history" does not exist yet
janv. 03, 2024 11:19:41 AM org.flywaydb.core.internal.command.DbValidate validate
INFO: Successfully validated 4 migrations (execution time 00:00.060s)
janv. 03, 2024 11:19:41 AM org.flywaydb.core.internal.schemahistory.JdbcTableSchemaHistory create
INFO: Creating Schema History table "PUBLIC"."flyway_schema_history" ...
janv. 03, 2024 11:19:41 AM org.flywaydb.core.internal.command.DbMigrate migrateGroup
INFO: Current version of schema "PUBLIC": << Empty Schema >>
janv. 03, 2024 11:19:41 AM org.flywaydb.core.internal.command.DbMigrate doMigrateGroup
INFO: Migrating schema "PUBLIC" to version "1 - Create tables"
janv. 03, 2024 11:19:41 AM org.flywaydb.core.internal.command.DbMigrate doMigrateGroup
INFO: Migrating schema "PUBLIC" to version "2 - Server discovery"
janv. 03, 2024 11:19:41 AM org.flywaydb.core.internal.command.DbMigrate doMigrateGroup
INFO: Migrating schema "PUBLIC" to version "3 - Jar symbols"
janv. 03, 2024 11:19:41 AM org.flywaydb.core.internal.command.DbMigrate doMigrateGroup
INFO: Migrating schema "PUBLIC" to version "4 - Fingerprints"
janv. 03, 2024 11:19:41 AM org.flywaydb.core.internal.command.DbMigrate logSummary
INFO: Successfully applied 4 migrations to schema "PUBLIC", now at version v4 (execution time 00:00.125s)
2024.01.03 11:19:41 INFO  time: initialize in 1.2s
2024.01.03 11:19:44 WARN  Build server is not auto-connectable.
2024.01.03 11:19:44 WARN  no build tool detected in workspace 'D:\Cours L3\PW\ProjetWeb'. The most common cause for this problem is that the editor was opened in the wrong working directory, for example if you use sbt then the workspace directory should contain build.sbt. 
2024.01.03 11:19:58 INFO  Shutting down server
2024.01.03 11:19:58 INFO  shutting down Metals
2024.01.03 11:19:58 INFO  Exiting server
